make all --print-data-base --no-builtin-variables --no-builtin-rules --question
# GNU Make 4.3
# Built for x86_64-pc-linux-gnu
# Copyright (C) 1988-2020 Free Software Foundation, Inc.
# License GPLv3+: GNU GPL version 3 or later <http://gnu.org/licenses/gpl.html>
# This is free software: you are free to change and redistribute it.
# There is NO WARRANTY, to the extent permitted by law.

# Make data base, printed on Tue Nov 19 11:49:02 2024

# Variables

# environment
GDK_BACKEND = x11
# environment
MEMORY_PRESSURE_WRITE = c29tZSAyMDAwMDAgMjAwMDAwMAA=
# environment
LC_ALL = C
# environment
GNOME_SHELL_SESSION_MODE = ubuntu
# makefile (from 'Makefile', line 8)
AR = ar -rc
# makefile (from 'Makefile', line 58)
OBJS_ENVIRONMENT = $(patsubst $(SRCFOLDER_ENVIRONMENT)/%.c, $(OBJFOLDER_ENVIRONMENT)/%.o, $(SRC_ENVIRONMENT))
# environment
LC_NAME = pt_PT.UTF-8
# environment
LC_NUMERIC = pt_PT.UTF-8
# environment
VSCODE_CRASH_REPORTER_PROCESS_TYPE = extensionHost
# environment
VSCODE_CWD = /home/mikelitoris
# makefile (from 'Makefile', line 37)
OBJFOLDER_ERRORH = source/obj_error_handling
# makefile (from 'Makefile', line 46)
SRC_EXECUT = $(wildcard $(SRCFOLDER_EXECUT)/*.c)
# environment
LC_ADDRESS = pt_PT.UTF-8
# default
MAKE_COMMAND := make
# environment
QT_ACCESSIBILITY = 1
# makefile (from 'Makefile', line 51)
SRC_SIGNALS = $(wildcard $(SRCFOLDER_SIGNALS)/*.c)
# automatic
@D = $(patsubst %/,%,$(dir $@))
# environment
VSCODE_HANDLES_UNCAUGHT_ERRORS = true
# default
.VARIABLES := 
# environment
PWD = /home/mikelitoris/42/Rank_3/minishell
# automatic
%D = $(patsubst %/,%,$(dir $%))
# environment
XDG_DATA_DIRS = /usr/share/ubuntu:/usr/share/gnome:/usr/local/share/:/usr/share/:/var/lib/snapd/desktop
# makefile (from 'Makefile', line 28)
SRCFOLDER_ERRORH = source/error_handling
# automatic
^D = $(patsubst %/,%,$(dir $^))
# automatic
%F = $(notdir $%)
# environment
VSCODE_CODE_CACHE_PATH = /home/mikelitoris/.config/Code/CachedData/65edc4939843c90c34d61f4ce11704f09d3e5cb6
# makefile (from 'Makefile', line 25)
SRCFOLDER_PARSER = source/parser
# environment
LANG = C
# environment
XAUTHORITY = /run/user/1000/.mutter-Xwaylandauth.6WC2W2
# default
.LOADED := 
# default
.INCLUDE_DIRS = /usr/local/include /usr/include /usr/include
# environment
MEMORY_PRESSURE_WATCH = /sys/fs/cgroup/user.slice/user-1000.slice/user@1000.service/app.slice/app-gnome\x2dsession\x2dmanager.slice/gnome-session-manager@ubuntu.service/memory.pressure
# makefile
MAKEFLAGS = pqrRs
# environment
DBUS_STARTER_ADDRESS = unix:path=/run/user/1000/bus,guid=6f8fb58d2d9b8e88f7e752de673c718b
# makefile
CURDIR := /home/mikelitoris/42/Rank_3/minishell
# environment
APPLICATION_INSIGHTS_NO_DIAGNOSTIC_CHANNEL = true
# environment
LESSOPEN = | /usr/bin/lesspipe %s
# makefile (from 'Makefile', line 53)
OBJS_PARSER = $(patsubst $(SRCFOLDER_PARSER)/%.c, $(OBJFOLDER_PARSER)/%.o, $(SRC_PARSER))
# environment
VSCODE_L10N_BUNDLE_LOCATION = 
# automatic
*D = $(patsubst %/,%,$(dir $*))
# environment
MFLAGS = -pqrRs
# environment
SSH_AUTH_SOCK = /run/user/1000/keyring/ssh
# default
.SHELLFLAGS := -c
# makefile (from 'Makefile', line 49)
SRC_BUILTIN = $(wildcard $(SRCFOLDER_BUILTIN)/*.c)
# environment
WAYLAND_DISPLAY = wayland-0
# environment
XDG_CONFIG_DIRS = /etc/xdg/xdg-ubuntu:/etc/xdg
# automatic
+D = $(patsubst %/,%,$(dir $+))
# environment
XDG_SESSION_DESKTOP = ubuntu
# makefile (from 'Makefile', line 1)
MAKEFILE_LIST := Makefile
# makefile (from 'Makefile', line 57)
OBJS_BUILTIN = $(patsubst $(SRCFOLDER_BUILTIN)/%.c, $(OBJFOLDER_BUILTIN)/%.o, $(SRC_BUILTIN))
# automatic
@F = $(notdir $@)
# environment
VSCODE_PID = 8672
# environment
XDG_SESSION_TYPE = wayland
# automatic
?D = $(patsubst %/,%,$(dir $?))
# makefile (from 'Makefile', line 38)
OBJFOLDER_BUILTIN = source/obj_built_in
# makefile (from 'Makefile', line 40)
OBJFOLDER_SIGNALS = source/obj_signals
# environment
SESSION_MANAGER = local/mikelitoris-ASUS-EXPERTBOOK-B1402CBA:@/tmp/.ICE-unix/1813,unix/mikelitoris-ASUS-EXPERTBOOK-B1402CBA:/tmp/.ICE-unix/1813
# automatic
*F = $(notdir $*)
# environment
CHROME_DESKTOP = code.desktop
# environment
DBUS_SESSION_BUS_ADDRESS = unix:path=/run/user/1000/bus,guid=6f8fb58d2d9b8e88f7e752de673c718b
# automatic
<D = $(patsubst %/,%,$(dir $<))
# environment
VSCODE_NLS_CONFIG = {"userLocale":"en-us","osLocale":"en-us","resolvedLanguage":"en","defaultMessagesFile":"/usr/share/code/resources/app/out/nls.messages.json","locale":"en-us","availableLanguages":{}}
# default
MAKE_HOST := x86_64-pc-linux-gnu
# makefile (from 'Makefile', line 61)
OBJS = $(OBJS_PARSER) $(OBJS_EXECUT) $(OBJS_INITCL) $(OBJS_ERRORH) $(OBJS_BUILTIN) $(OBJS_ENVIRONMENT) $(OBJS_SIGNALS)
# environment
GNOME_DESKTOP_SESSION_ID = this-is-deprecated
# makefile
SHELL = /bin/sh
# default
MAKECMDGOALS := all
# environment
XMODIFIERS = @im=ibus
# makefile (from 'Makefile', line 43)
HEADFOLDER = includes
# environment
SHLVL = 0
# environment
MAKELEVEL := 0
# environment
IM_CONFIG_CHECK_ENV = 1
# makefile (from 'Makefile', line 26)
SRCFOLDER_EXECUT = source/execution
# default
MAKE = $(MAKE_COMMAND)
# environment
PATH = /home/mikelitoris/.local/bin:/home/mikelitoris/.local/bin:/usr/local/sbin:/usr/local/bin:/usr/sbin:/usr/bin:/sbin:/bin:/usr/games:/usr/local/games:/snap/bin:/snap/bin:/home/mikelitoris/.local/bin:/home/mikelitoris/.local/bin:/home/mikelitoris/.venv/bin:/home/mikelitoris/.local/bin
# default
MAKEFILES := 
# environment
LC_MONETARY = pt_PT.UTF-8
# automatic
^F = $(notdir $^)
# makefile (from 'Makefile', line 63)
HEADER = $(HEADFOLDER)/minishell.h
# environment
LC_TIME = pt_PT.UTF-8
# makefile (from 'Makefile', line 27)
SRCFOLDER_INITCL = source/init_close
# environment
INVOCATION_ID = 1452b61d176c4f07932abc971e384c2f
# environment
USERNAME = mikelitoris
# makefile (from 'Makefile', line 30)
SRCFOLDER_ENVIRONMENT = source/environment
# makefile (from 'Makefile', line 15)
GREEN = \033[92m
# environment
GNOME_SETUP_DISPLAY = :1
# makefile (from 'Makefile', line 21)
LIBFOLDER = LIBFT
# makefile (from 'Makefile', line 54)
OBJS_EXECUT = $(patsubst $(SRCFOLDER_EXECUT)/%.c, $(OBJFOLDER_EXECUT)/%.o, $(SRC_EXECUT))
# environment
LC_TELEPHONE = pt_PT.UTF-8
# environment
LESSCLOSE = /usr/bin/lesspipe %s %s
# automatic
?F = $(notdir $?)
# makefile (from 'Makefile', line 107)
define SUPRESSION_FILE_BODY
{
   name
   Memcheck:Leak
   fun:*alloc
   ...
   obj:*/libreadline.so.*
   ...
}
{
    leak readline
    Memcheck:Leak
    ...
    fun:readline
}
{
    leak add_history
    Memcheck:Leak
    ...
    fun:add_history
}
endef
# makefile (from 'Makefile', line 18)
NAME = minishell
# environment
XDG_CURRENT_DESKTOP = Unity
# makefile (from 'Makefile', line 59)
OBJS_SIGNALS = $(patsubst $(SRCFOLDER_SIGNALS)/%.c, $(OBJFOLDER_SIGNALS)/%.o, $(SRC_SIGNALS))
# makefile (from 'Makefile', line 50)
SRC_ENVIRONMENT = $(wildcard $(SRCFOLDER_ENVIRONMENT)/*.c)
# automatic
+F = $(notdir $+)
# environment
DESKTOP_SESSION = ubuntu
# environment
ORIGINAL_XDG_CURRENT_DESKTOP = ubuntu:GNOME
# 'override' directive
GNUMAKEFLAGS := 
# environment
LOGNAME = mikelitoris
# environment
GIO_LAUNCHED_DESKTOP_FILE = /usr/share/applications/code.desktop
# makefile
.DEFAULT_GOAL := all
# environment
SYSTEMD_EXEC_PID = 1813
# makefile (from 'Makefile', line 10)
RM = rm -f
# environment
DISPLAY = :0
# environment
USER = mikelitoris
# environment
GTK_MODULES = gail:atk-bridge
# default
MAKE_VERSION := 4.3
# makefile (from 'Makefile', line 35)
OBJFOLDER_EXECUT = source/obj_execution
# makefile (from 'Makefile', line 48)
SRC_ERRORH = $(wildcard $(SRCFOLDER_ERRORH)/*.c)
# makefile (from 'Makefile', line 39)
OBJFOLDER_ENVIRONMENT = source/obj_environment
# makefile (from 'Makefile', line 31)
SRCFOLDER_SIGNALS = source/signals
# environment
MANAGERPID = 1608
# environment
DBUS_STARTER_BUS_TYPE = session
# environment
 
DEBUGINFOD_URLS = https://debuginfod.ubuntu.com 
# environment
LC_MEASUREMENT = pt_PT.UTF-8
# environment
GIO_LAUNCHED_DESKTOP_FILE_PID = 8672
# environment
_ = /usr/share/code/code
# makefile (from 'Makefile', line 16)
RESET = \033[0m
# environment
LC_PAPER = pt_PT.UTF-8
# makefile (from 'Makefile', line 29)
SRCFOLDER_BUILTIN = source/built_in
# environment
XDG_RUNTIME_DIR = /run/user/1000
# makefile (from 'Makefile', line 6)
CFLAGS = -Wall -Werror -Wextra
# makefile (from 'Makefile', line 47)
SRC_INITCL = $(wildcard $(SRCFOLDER_INITCL)/*.c)
# makefile (from 'Makefile', line 56)
OBJS_ERRORH = $(patsubst $(SRCFOLDER_ERRORH)/%.c, $(OBJFOLDER_ERRORH)/%.o, $(SRC_ERRORH))
# environment
LC_CTYPE = pt_PT.UTF-8
# environment
JOURNAL_STREAM = 8:23663
# environment
XDG_SESSION_CLASS = user
# environment
GSM_SKIP_SSH_AGENT_WORKAROUND = true
# makefile (from 'Makefile', line 36)
OBJFOLDER_INITCL = source/obj_init_close
# environment
HOME = /home/mikelitoris
# environment
QT_IM_MODULE = ibus
# makefile (from 'Makefile', line 55)
OBJS_INITCL = $(patsubst $(SRCFOLDER_INITCL)/%.c, $(OBJFOLDER_INITCL)/%.o, $(SRC_INITCL))
# environment
ELECTRON_RUN_AS_NODE = 1
# environment
VSCODE_IPC_HOOK = /run/user/1000/vscode-af1ed2d2-1.95-main.sock
# makefile (from 'Makefile', line 22)
LIBNAME = $(LIBFOLDER)/libft.a
# environment
IM_CONFIG_PHASE = 1
# default
.RECIPEPREFIX := 
# automatic
<F = $(notdir $<)
# default
SUFFIXES := 
# makefile (from 'Makefile', line 34)
OBJFOLDER_PARSER = source/obj_parser
# default
.FEATURES := target-specific order-only second-expansion else-if shortest-stem undefine oneshell nocomment grouped-target extra-prereqs archives jobserver output-sync check-symlink load
# makefile (from 'Makefile', line 12)
SUPR_FILE = valgrind_supression
# makefile (from 'Makefile', line 4)
CC = cc
# environment
XDG_MENU_PREFIX = gnome-
# environment
VSCODE_ESM_ENTRYPOINT = vs/workbench/api/node/extensionHostProcess
# makefile (from 'Makefile', line 45)
SRC_PARSER = $(wildcard $(SRCFOLDER_PARSER)/*.c)
# environment
GDMSESSION = ubuntu
# environment
LC_IDENTIFICATION = pt_PT.UTF-8
# variable set hash-table stats:
# Load=150/1024=15%, Rehash=0, Collisions=24/254=9%

# Pattern-specific Variable Values

# No pattern-specific variable values.

# Directories

# source/error_handling (device 66306, inode 31594642): 4 files, no impossibilities.
# source/parser (device 66306, inode 31594652): 15 files, no impossibilities.
# source/signals (device 66306, inode 31594667): 3 files, no impossibilities.
# source/init_close (device 66306, inode 31594649): 4 files, no impossibilities.
# source/environment (device 66306, inode 31594637): 6 files, no impossibilities.
# . (device 66306, inode 31475265): 12 files, no impossibilities.
# includes (device 66306, inode 31594625): No files, no impossibilities so far.
# source/built_in (device 66306, inode 31594628): 10 files, no impossibilities.
# source/execution (device 66306, inode 31594645): 5 files, no impossibilities.

# 59 files, no impossibilities in 9 directories.

# Implicit Rules

source/obj_parser/%.o: source/parser/%.c includes/minishell.h
#  recipe to execute (from 'Makefile', line 72):
	@mkdir -p $(OBJFOLDER_PARSER)
	$(CC) $(CFLAGS) -c $< -o $@ -g

source/obj_execution/%.o: source/execution/%.c includes/minishell.h
#  recipe to execute (from 'Makefile', line 76):
	@mkdir -p $(OBJFOLDER_EXECUT)
	$(CC) $(CFLAGS) -c $< -o $@ -g

source/obj_built_in/%.o: source/built_in/%.c includes/minishell.h
#  recipe to execute (from 'Makefile', line 80):
	@mkdir -p $(OBJFOLDER_BUILTIN)
	$(CC) $(CFLAGS) -c $< -o $@ -g

source/obj_init_close/%.o: source/init_close/%.c includes/minishell.h
#  recipe to execute (from 'Makefile', line 84):
	@mkdir -p $(OBJFOLDER_INITCL)
	$(CC) $(CFLAGS) -c $< -o $@ -g

source/obj_error_handling/%.o: source/error_handling/%.c includes/minishell.h
#  recipe to execute (from 'Makefile', line 88):
	@mkdir -p $(OBJFOLDER_ERRORH)
	$(CC) $(CFLAGS) -c $< -o $@ -g

source/obj_environment/%.o: source/environment/%.c includes/minishell.h
#  recipe to execute (from 'Makefile', line 92):
	@mkdir -p $(OBJFOLDER_ENVIRONMENT)
	$(CC) $(CFLAGS) -c $< -o $@ -g

source/obj_signals/%.o: source/signals/%.c includes/minishell.h
#  recipe to execute (from 'Makefile', line 96):
	@mkdir -p $(OBJFOLDER_SIGNALS)
	$(CC) $(CFLAGS) -c $< -o $@ -g

# 7 implicit rules, 0 (0.0%) terminal.
# Files

source/obj_built_in/built_in.o: source/built_in/built_in.c includes/minishell.h
#  Implicit rule search has been done.
#  Implicit/static pattern stem: 'built_in'
#  Last modified 2024-11-19 11:48:17.813835403
#  File has been updated.
#  Successfully updated.
#  recipe to execute (from 'Makefile', line 80):
	@mkdir -p $(OBJFOLDER_BUILTIN)
	$(CC) $(CFLAGS) -c $< -o $@ -g

source/obj_execution/exec_tree.o: source/execution/exec_tree.c includes/minishell.h
#  Implicit rule search has been done.
#  Implicit/static pattern stem: 'exec_tree'
#  Last modified 2024-11-19 11:48:17.489832015
#  File has been updated.
#  Successfully updated.
#  recipe to execute (from 'Makefile', line 76):
	@mkdir -p $(OBJFOLDER_EXECUT)
	$(CC) $(CFLAGS) -c $< -o $@ -g

# Not a target:
includes/minishell.h:
#  Implicit rule search has been done.
#  Last modified 2024-11-19 11:48:08.385738099
#  File has been updated.
#  Successfully updated.

# Not a target:
source/environment/expander.c:
#  Implicit rule search has been done.
#  Last modified 2024-11-19 11:48:08.385738099
#  File has been updated.
#  Successfully updated.

# Not a target:
source/execution/exec_utils.c:
#  Implicit rule search has been done.
#  Last modified 2024-11-19 11:48:08.385738099
#  File has been updated.
#  Successfully updated.

# Not a target:
source/parser/minishell_expansion_01.c:
#  Implicit rule search has been done.
#  Last modified 2024-11-19 11:48:08.386738109
#  File has been updated.
#  Successfully updated.

# Not a target:
source/built_in/exit.c:
#  Implicit rule search has been done.
#  Last modified 2024-11-19 11:48:08.385738099
#  File has been updated.
#  Successfully updated.

source/obj_parser/minishell_parser_functions_01.o: source/parser/minishell_parser_functions_01.c includes/minishell.h
#  Implicit rule search has been done.
#  Implicit/static pattern stem: 'minishell_parser_functions_01'
#  Last modified 2024-11-19 11:48:17.295829985
#  File has been updated.
#  Successfully updated.
#  recipe to execute (from 'Makefile', line 72):
	@mkdir -p $(OBJFOLDER_PARSER)
	$(CC) $(CFLAGS) -c $< -o $@ -g

source/obj_parser/minishell_ast_02.o: source/parser/minishell_ast_02.c includes/minishell.h
#  Implicit rule search has been done.
#  Implicit/static pattern stem: 'minishell_ast_02'
#  Last modified 2024-11-19 11:48:16.933826204
#  File has been updated.
#  Successfully updated.
#  recipe to execute (from 'Makefile', line 72):
	@mkdir -p $(OBJFOLDER_PARSER)
	$(CC) $(CFLAGS) -c $< -o $@ -g

source/obj_built_in/env.o: source/built_in/env.c includes/minishell.h
#  Implicit rule search has been done.
#  Implicit/static pattern stem: 'env'
#  Last modified 2024-11-19 11:48:17.951836847
#  File has been updated.
#  Successfully updated.
#  recipe to execute (from 'Makefile', line 80):
	@mkdir -p $(OBJFOLDER_BUILTIN)
	$(CC) $(CFLAGS) -c $< -o $@ -g

minishell: source/obj_parser/minishell_ast_01.o source/obj_parser/minishell_ast_02.o source/obj_parser/minishell_ast_03.o source/obj_parser/minishell_ast_04.o source/obj_parser/minishell_ast_05.o source/obj_parser/minishell_check_error_01.o source/obj_parser/minishell_check_error_02.o source/obj_parser/minishell_expansion_01.o source/obj_parser/minishell_heredoc_01.o source/obj_parser/minishell_parser_functions_01.o source/obj_parser/minishell_parser_functions_02.o source/obj_parser/minishell_str_functions_01.o source/obj_parser/minishell_str_functions_02.o source/obj_execution/exec_tree.o source/obj_execution/exec_utils.o source/obj_execution/main.o source/obj_init_close/minishell_init_close_01.o source/obj_init_close/minishell_init_close_02.o source/obj_error_handling/error_message.o source/obj_error_handling/minishell_error_handling_01.o source/obj_built_in/built_in.o source/obj_built_in/cd.o source/obj_built_in/echo.o source/obj_built_in/env.o source/obj_built_in/exit.o source/obj_built_in/export.o source/obj_built_in/pwd.o source/obj_built_in/unset.o source/obj_environment/copier.o source/obj_environment/expander.o source/obj_environment/reducer.o source/obj_environment/var_utils.o source/obj_signals/signals.o includes/minishell.h LIBFT/libft.a
#  Implicit rule search has not been done.
#  Last modified 2024-11-19 11:48:20.434862951
#  File has been updated.
#  Successfully updated.
#  recipe to execute (from 'Makefile', line 68):
	$(CC) $(CFLAGS) $(OBJS) $(LIBNAME) -o $(NAME) -lreadline -g
	@echo "[$(GREEN)SUCCESS$(RESET)] MINISHELL - $(NAME) CREATED."
	

# Not a target:
source/built_in/pwd.c:
#  Implicit rule search has been done.
#  Last modified 2024-11-19 11:48:08.385738099
#  File has been updated.
#  Successfully updated.

source/obj_built_in/echo.o: source/built_in/echo.c includes/minishell.h
#  Implicit rule search has been done.
#  Implicit/static pattern stem: 'echo'
#  Last modified 2024-11-19 11:48:17.909836408
#  File has been updated.
#  Successfully updated.
#  recipe to execute (from 'Makefile', line 80):
	@mkdir -p $(OBJFOLDER_BUILTIN)
	$(CC) $(CFLAGS) -c $< -o $@ -g

source/obj_built_in/export.o: source/built_in/export.c includes/minishell.h
#  Implicit rule search has been done.
#  Implicit/static pattern stem: 'export'
#  Last modified 2024-11-19 11:48:18.037837747
#  File has been updated.
#  Successfully updated.
#  recipe to execute (from 'Makefile', line 80):
	@mkdir -p $(OBJFOLDER_BUILTIN)
	$(CC) $(CFLAGS) -c $< -o $@ -g

source/obj_environment/copier.o: source/environment/copier.c includes/minishell.h
#  Implicit rule search has been done.
#  Implicit/static pattern stem: 'copier'
#  Last modified 2024-11-19 11:48:18.169839132
#  File has been updated.
#  Successfully updated.
#  recipe to execute (from 'Makefile', line 92):
	@mkdir -p $(OBJFOLDER_ENVIRONMENT)
	$(CC) $(CFLAGS) -c $< -o $@ -g

# Not a target:
Makefile:
#  Implicit rule search has been done.
#  Last modified 2024-11-19 11:48:08.384738088
#  File has been updated.
#  Successfully updated.

source/obj_environment/var_utils.o: source/environment/var_utils.c includes/minishell.h
#  Implicit rule search has been done.
#  Implicit/static pattern stem: 'var_utils'
#  Last modified 2024-11-19 11:48:18.318840695
#  File has been updated.
#  Successfully updated.
#  recipe to execute (from 'Makefile', line 92):
	@mkdir -p $(OBJFOLDER_ENVIRONMENT)
	$(CC) $(CFLAGS) -c $< -o $@ -g

# Not a target:
source/parser/minishell_check_error_01.c:
#  Implicit rule search has been done.
#  Last modified 2024-11-19 11:48:08.386738109
#  File has been updated.
#  Successfully updated.

# Not a target:
source/parser/minishell_parser_functions_02.c:
#  Implicit rule search has been done.
#  Last modified 2024-11-19 11:48:08.386738109
#  File has been updated.
#  Successfully updated.

# Not a target:
source/signals/signals.c:
#  Implicit rule search has been done.
#  Last modified 2024-11-19 11:48:08.386738109
#  File has been updated.
#  Successfully updated.

source/obj_parser/minishell_str_functions_02.o: source/parser/minishell_str_functions_02.c includes/minishell.h
#  Implicit rule search has been done.
#  Implicit/static pattern stem: 'minishell_str_functions_02'
 
#  Last modified 2024-11-19 11:48:17.43683146
#  File has been updated.
#  Successfully updated.
#  recipe to execute (from 'Makefile', line 72):
	@mkdir -p $(OBJFOLDER_PARSER)
	$(CC) $(CFLAGS) -c $< -o $@ -g

# Not a target:
source/built_in/export.c:
#  Implicit rule search has been done.
#  Last modified 2024-11-19 11:48:08.385738099
#  File has been updated.
#  Successfully updated.

clean:
#  Phony target (prerequisite of .PHONY).
#  Implicit rule search has not been done.
#  File does not exist.
#  File has not been updated.
#  recipe to execute (from 'Makefile', line 131):
	$(RM) $(OBJS)
	$(RM) -r $(OBJFOLDER_PARSER) $(OBJFOLDER_EXECUT) $(OBJFOLDER_INITCL) $(OBJFOLDER_ERRORH) \
	$(OBJFOLDER_BUILTIN) $(OBJFOLDER_ENVIRONMENT) $(OBJFOLDER_SIGNALS)
	make clean -C $(LIBFOLDER)
	@echo "[$(GREEN)SUCCESS$(RESET)] MINISHELL - ALL OBJS DELETED."

source/obj_parser/minishell_ast_01.o: source/parser/minishell_ast_01.c includes/minishell.h
#  Implicit rule search has been done.
#  Implicit/static pattern stem: 'minishell_ast_01'
#  Last modified 2024-11-19 11:48:16.885825703
#  File has been updated.
#  Successfully updated.
#  recipe to execute (from 'Makefile', line 72):
	@mkdir -p $(OBJFOLDER_PARSER)
	$(CC) $(CFLAGS) -c $< -o $@ -g

valgrind:
#  Implicit rule search has not been done.
#  Modification time never checked.
#  File has not been updated.
#  recipe to execute (from 'Makefile', line 103):
	$(file > $(SUPR_FILE),$(SUPRESSION_FILE_BODY))
	@valgrind --quiet --leak-check=full --show-leak-kinds=all --track-origins=yes --suppressions=$(SUPR_FILE) --tool=memcheck ./$(NAME)
	$(RM) $(SUPR_FILE)

# Not a target:
source/parser/minishell_ast_02.c:
#  Implicit rule search has been done.
#  Last modified 2024-11-19 11:48:08.386738109
#  File has been updated.
#  Successfully updated.

# Not a target:
source/execution/main.c:
#  Implicit rule search has been done.
#  Last modified 2024-11-19 11:48:08.386738109
#  File has been updated.
#  Successfully updated.

source/obj_init_close/minishell_init_close_01.o: source/init_close/minishell_init_close_01.c includes/minishell.h
#  Implicit rule search has been done.
#  Implicit/static pattern stem: 'minishell_init_close_01'
#  Last modified 2024-11-19 11:48:17.635833542
#  File has been updated.
#  Successfully updated.
#  recipe to execute (from 'Makefile', line 84):
	@mkdir -p $(OBJFOLDER_INITCL)
	$(CC) $(CFLAGS) -c $< -o $@ -g

source/obj_execution/exec_utils.o: source/execution/exec_utils.c includes/minishell.h
#  Implicit rule search has been done.
#  Implicit/static pattern stem: 'exec_utils'
#  Last modified 2024-11-19 11:48:17.536832507
#  File has been updated.
#  Successfully updated.
#  recipe to execute (from 'Makefile', line 76):
	@mkdir -p $(OBJFOLDER_EXECUT)
	$(CC) $(CFLAGS) -c $< -o $@ -g

source/obj_parser/minishell_ast_05.o: source/parser/minishell_ast_05.c includes/minishell.h
#  Implicit rule search has been done.
#  Implicit/static pattern stem: 'minishell_ast_05'
#  Last modified 2024-11-19 11:48:17.070827632
#  File has been updated.
#  Successfully updated.
#  recipe to execute (from 'Makefile', line 72):
	@mkdir -p $(OBJFOLDER_PARSER)
	$(CC) $(CFLAGS) -c $< -o $@ -g

source/obj_environment/expander.o: source/environment/expander.c includes/minishell.h
#  Implicit rule search has been done.
#  Implicit/static pattern stem: 'expander'
#  Last modified 2024-11-19 11:48:18.217839635
#  File has been updated.
#  Successfully updated.
#  recipe to execute (from 'Makefile', line 92):
	@mkdir -p $(OBJFOLDER_ENVIRONMENT)
	$(CC) $(CFLAGS) -c $< -o $@ -g

re: fclean all
#  Phony target (prerequisite of .PHONY).
#  Implicit rule search has not been done.
#  File does not exist.
#  File has not been updated.

source/obj_error_handling/minishell_error_handling_01.o: source/error_handling/minishell_error_handling_01.c includes/minishell.h
#  Implicit rule search has been done.
#  Implicit/static pattern stem: 'minishell_error_handling_01'
#  Last modified 2024-11-19 11:48:17.771834964
#  File has been updated.
#  Successfully updated.
#  recipe to execute (from 'Makefile', line 88):
	@mkdir -p $(OBJFOLDER_ERRORH)
	$(CC) $(CFLAGS) -c $< -o $@ -g

source/obj_execution/main.o: source/execution/main.c includes/minishell.h
#  Implicit rule search has been done.
#  Implicit/static pattern stem: 'main'
#  Last modified 2024-11-19 11:48:17.58783304
#  File has been updated.
#  Successfully updated.
#  recipe to execute (from 'Makefile', line 76):
	@mkdir -p $(OBJFOLDER_EXECUT)
	$(CC) $(CFLAGS) -c $< -o $@ -g

# Not a target:
source/parser/minishell_str_functions_02.c:
#  Implicit rule search has been done.
#  Last modified 2024-11-19 11:48:08.386738109
#  File has been updated.
#  Successfully updated.

# Not a target:
source/init_close/minishell_init_close_02.c:
#  Implicit rule search has been done.
#  Last modified 2024-11-19 11:48:08.386738109
#  File has been updated.
#  Successfully updated.

# Not a target:
source/parser/minishell_ast_04.c:
#  Implicit rule search has been done.
#  Last modified 2024-11-19 11:48:08.386738109
#  File has been updated.
#  Successfully updated.

source/obj_parser/minishell_heredoc_01.o: source/parser/minishell_heredoc_01.c includes/minishell.h
#  Implicit rule search has been done.
#  Implicit/static pattern stem: 'minishell_heredoc_01'
#  Last modified 2024-11-19 11:48:17.251829525
#  File has been updated.
#  Successfully updated.
#  recipe to execute (from 'Makefile', line 72):
	@mkdir -p $(OBJFOLDER_PARSER)
	$(CC) $(CFLAGS) -c $< -o $@ -g

# Not a target:
source/built_in/env.c:
#  Implicit rule search has been done.
#  Last modified 2024-11-19 11:48:08.385738099
#  File has been updated.
#  Successfully updated.

source/obj_parser/minishell_str_functions_01.o: source/parser/minishell_str_functions_01.c includes/minishell.h
#  Implicit rule search has been done.
#  Implicit/static pattern stem: 'minishell_str_functions_01'
#  Last modified 2024-11-19 11:48:17.387830948
#  File has been updated.
#  Successfully updated.
#  recipe to execute (from 'Makefile', line 72):
	@mkdir -p $(OBJFOLDER_PARSER)
	$(CC) $(CFLAGS) -c $< -o $@ -g

# Not a target:
source/parser/minishell_heredoc_01.c:
#  Implicit rule search has been done.
#  Last modified 2024-11-19 11:48:08.386738109
#  File has been updated.
#  Successfully updated.

# Not a target:
.DEFAULT:
#  Implicit rule search has not been done.
#  Modification time never checked.
#  File has not been updated.

# Not a target:
source/parser/minishell_str_functions_01.c:
#  Implicit rule search has been done.
#  Last modified 2024-11-19 11:48:08.386738109
#  File has been updated.
#  Successfully updated.

source/obj_error_handling/error_message.o: source/error_handling/error_message.c includes/minishell.h
#  Implicit rule search has been done.
#  Implicit/static pattern stem: 'error_message'
#  Last modified 2024-11-19 11:48:17.726834494
#  File has been updated.
#  Successfully updated.
#  recipe to execute (from 'Makefile', line 88):
	@mkdir -p $(OBJFOLDER_ERRORH)
	$(CC) $(CFLAGS) -c $< -o $@ -g

all: minishell
#  Phony target (prerequisite of .PHONY).
#  Command line target.
#  Implicit rule search has not been done.
#  File does not exist.
#  File has been updated.
#  Successfully updated.

# Not a target:
source/init_close/minishell_init_close_01.c:
#  Implicit rule search has been done.
#  Last modified 2024-11-19 11:48:08.386738109
#  File has been updated.
#  Successfully updated.

fclean: clean
#  Phony target (prerequisite of .PHONY).
#  Implicit rule search has not been done.
#  File does not exist.
#  File has not been updated.
#  recipe to execute (from 'Makefile', line 138):
	$(RM) $(NAME)
	$(RM) -r $(OBJFOLDER_PARSER) $(OBJFOLDER_EXECUT) $(OBJFOLDER_INITCL) $(OBJFOLDER_ERRORH) \
	$(OBJFOLDER_BUILTIN) $(OBJFOLDER_ENVIRONMENT) $(OBJFOLDER_SIGNALS)
	make fclean -C $(LIBFOLDER)
	@echo "[$(GREEN)SUCCESS$(RESET)] MINISHELL - PROGRAM DELETED."

source/obj_parser/minishell_ast_04.o: source/parser/minishell_ast_04.c includes/minishell.h
#  Implicit rule search has been done.
#  Implicit/static pattern stem: 'minishell_ast_04'
#  Last modified 2024-11-19 11:48:17.029827204
#  File has been updated.
#  Successfully updated.
#  recipe to execute (from 'Makefile', line 72):
	@mkdir -p $(OBJFOLDER_PARSER)
	$(CC) $(CFLAGS) -c $< -o $@ -g

# Not a target:
source/environment/var_utils.c:
#  Implicit rule search has been done.
#  Last modified 2024-11-19 11:48:08.385738099
#  File has been updated.
#  Successfully updated.

source/obj_parser/minishell_check_error_01.o: source/parser/minishell_check_error_01.c includes/minishell.h
#  Implicit rule search has been done.
#  Implicit/static pattern stem: 'minishell_check_error_01'
#  Last modified 2024-11-19 11:48:17.112828071
#  File has been updated.
#  Successfully updated.
#  recipe to execute (from 'Makefile', line 72):
	@mkdir -p $(OBJFOLDER_PARSER)
	$(CC) $(CFLAGS) -c $< -o $@ -g

# Not a target:
source/parser/minishell_parser_functions_01.c:
#  Implicit rule search has been done.
#  Last modified 2024-11-19 11:48:08.386738109
#  File has been updated.
#  Successfully updated.

# Not a target:
source/parser/minishell_ast_03.c:
#  Implicit rule search has been done.
#  Last modified 2024-11-19 11:48:08.386738109
#  File has been updated.
#  Successfully updated.

# Not a target:
source/environment/reducer.c:
#  Implicit rule search has been done.
#  Last modified 2024-11-19 11:48:08.385738099
#  File has been updated.
#  Successfully updated.

source/obj_signals/signals.o: source/signals/signals.c includes/minishell.h
#  Implicit rule search has been done.
#  Implicit/static pattern stem: 'signals'
#  Last modified 2024-11-19 11:48:18.362841157
 
#  File has been updated.
#  Successfully updated.
#  recipe to execute (from 'Makefile', line 96):
	@mkdir -p $(OBJFOLDER_SIGNALS)
	$(CC) $(CFLAGS) -c $< -o $@ -g

source/obj_parser/minishell_check_error_02.o: source/parser/minishell_check_error_02.c includes/minishell.h
#  Implicit rule search has been done.
#  Implicit/static pattern stem: 'minishell_check_error_02'
#  Last modified 2024-11-19 11:48:17.155828521
#  File has been updated.
#  Successfully updated.
#  recipe to execute (from 'Makefile', line 72):
	@mkdir -p $(OBJFOLDER_PARSER)
	$(CC) $(CFLAGS) -c $< -o $@ -g

# Not a target:
source/error_handling/error_message.c:
#  Implicit rule search has been done.
#  Last modified 2024-11-19 11:48:08.385738099
#  File has been updated.
#  Successfully updated.

source/obj_environment/reducer.o: source/environment/reducer.c includes/minishell.h
#  Implicit rule search has been done.
#  Implicit/static pattern stem: 'reducer'
#  Last modified 2024-11-19 11:48:18.26684015
#  File has been updated.
#  Successfully updated.
#  recipe to execute (from 'Makefile', line 92):
	@mkdir -p $(OBJFOLDER_ENVIRONMENT)
	$(CC) $(CFLAGS) -c $< -o $@ -g

# Not a target:
source/built_in/echo.c:
#  Implicit rule search has been done.
#  Last modified 2024-11-19 11:48:08.385738099
#  File has been updated.
#  Successfully updated.

source/obj_built_in/cd.o: source/built_in/cd.c includes/minishell.h
#  Implicit rule search has been done.
#  Implicit/static pattern stem: 'cd'
#  Last modified 2024-11-19 11:48:17.864835937
#  File has been updated.
#  Successfully updated.
#  recipe to execute (from 'Makefile', line 80):
	@mkdir -p $(OBJFOLDER_BUILTIN)
	$(CC) $(CFLAGS) -c $< -o $@ -g

source/obj_built_in/unset.o: source/built_in/unset.c includes/minishell.h
#  Implicit rule search has been done.
#  Implicit/static pattern stem: 'unset'
#  Last modified 2024-11-19 11:48:18.12583867
#  File has been updated.
#  Successfully updated.
#  recipe to execute (from 'Makefile', line 80):
	@mkdir -p $(OBJFOLDER_BUILTIN)
	$(CC) $(CFLAGS) -c $< -o $@ -g

# Not a target:
source/environment/copier.c:
#  Implicit rule search has been done.
#  Last modified 2024-11-19 11:48:08.385738099
#  File has been updated.
#  Successfully updated.

source/obj_init_close/minishell_init_close_02.o: source/init_close/minishell_init_close_02.c includes/minishell.h
#  Implicit rule search has been done.
#  Implicit/static pattern stem: 'minishell_init_close_02'
#  Last modified 2024-11-19 11:48:17.681834023
#  File has been updated.
#  Successfully updated.
#  recipe to execute (from 'Makefile', line 84):
	@mkdir -p $(OBJFOLDER_INITCL)
	$(CC) $(CFLAGS) -c $< -o $@ -g

# Not a target:
source/error_handling/minishell_error_handling_01.c:
#  Implicit rule search has been done.
#  Last modified 2024-11-19 11:48:08.385738099
#  File has been updated.
#  Successfully updated.

# Not a target:
source/parser/minishell_ast_01.c:
#  Implicit rule search has been done.
#  Last modified 2024-11-19 11:48:08.386738109
#  File has been updated.
#  Successfully updated.

source/obj_parser/minishell_ast_03.o: source/parser/minishell_ast_03.c includes/minishell.h
#  Implicit rule search has been done.
#  Implicit/static pattern stem: 'minishell_ast_03'
#  Last modified 2024-11-19 11:48:16.981826704
#  File has been updated.
#  Successfully updated.
#  recipe to execute (from 'Makefile', line 72):
	@mkdir -p $(OBJFOLDER_PARSER)
	$(CC) $(CFLAGS) -c $< -o $@ -g

LIBFT/libft.a:
#  Implicit rule search has not been done.
#  Last modified 2024-11-19 11:48:20.393862517
#  File has been updated.
#  Successfully updated.
#  recipe to execute (from 'Makefile', line 100):
	make -C $(LIBFOLDER)

# Not a target:
source/built_in/unset.c:
#  Implicit rule search has been done.
#  Last modified 2024-11-19 11:48:08.385738099
#  File has been updated.
#  Successfully updated.

# Not a target:
source/built_in/cd.c:
#  Implicit rule search has been done.
#  Last modified 2024-11-19 11:48:08.385738099
#  File has been updated.
#  Successfully updated.

source/obj_built_in/exit.o: source/built_in/exit.c includes/minishell.h
#  Implicit rule search has been done.
#  Implicit/static pattern stem: 'exit'
#  Last modified 2024-11-19 11:48:17.994837296
#  File has been updated.
#  Successfully updated.
#  recipe to execute (from 'Makefile', line 80):
	@mkdir -p $(OBJFOLDER_BUILTIN)
	$(CC) $(CFLAGS) -c $< -o $@ -g

.PHONY: all clean fclean re
#  Implicit rule search has not been done.
#  Modification time never checked.
#  File has not been updated.

# Not a target:
source/parser/minishell_check_error_02.c:
#  Implicit rule search has been done.
#  Last modified 2024-11-19 11:48:08.386738109
#  File has been updated.
#  Successfully updated.

source/obj_parser/minishell_expansion_01.o: source/parser/minishell_expansion_01.c includes/minishell.h
#  Implicit rule search has been done.
#  Implicit/static pattern stem: 'minishell_expansion_01'
#  Last modified 2024-11-19 11:48:17.204829034
#  File has been updated.
#  Successfully updated.
#  recipe to execute (from 'Makefile', line 72):
	@mkdir -p $(OBJFOLDER_PARSER)
	$(CC) $(CFLAGS) -c $< -o $@ -g

source/obj_parser/minishell_parser_functions_02.o: source/parser/minishell_parser_functions_02.c includes/minishell.h
#  Implicit rule search has been done.
#  Implicit/static pattern stem: 'minishell_parser_functions_02'
#  Last modified 2024-11-19 11:48:17.343830488
#  File has been updated.
#  Successfully updated.
#  recipe to execute (from 'Makefile', line 72):
	@mkdir -p $(OBJFOLDER_PARSER)
	$(CC) $(CFLAGS) -c $< -o $@ -g

# Not a target:
source/parser/minishell_ast_05.c:
#  Implicit rule search has been done.
#  Last modified 2024-11-19 11:48:08.386738109
#  File has been updated.
#  Successfully updated.

# Not a target:
source/execution/exec_tree.c:
#  Implicit rule search has been done.
#  Last modified 2024-11-19 11:48:08.385738099
#  File has been updated.
#  Successfully updated.

# Not a target:
source/built_in/built_in.c:
#  Implicit rule search has been done.
#  Last modified 2024-11-19 11:48:08.385738099
#  File has been updated.
#  Successfully updated.

source/obj_built_in/pwd.o: source/built_in/pwd.c includes/minishell.h
#  Implicit rule search has been done.
#  Implicit/static pattern stem: 'pwd'
#  Last modified 2024-11-19 11:48:18.080838198
#  File has been updated.
#  Successfully updated.
#  recipe to execute (from 'Makefile', line 80):
	@mkdir -p $(OBJFOLDER_BUILTIN)
	$(CC) $(CFLAGS) -c $< -o $@ -g

# files hash-table stats:
# Load=78/1024=8%, Rehash=0, Collisions=12/299=4%
# VPATH Search Paths

# No 'vpath' search paths.

# No general ('VPATH' variable) search path.

# strcache buffers: 1 (0) / strings = 177 / storage = 4045 B / avg = 22 B
# current buf: size = 8162 B / used = 4045 B / count = 177 / avg = 22 B

# strcache performance: lookups = 321 / hit rate = 44%
# hash-table stats:
# Load=177/8192=2%, Rehash=0, Collisions=2/321=1%
# Finished Make data base on Tue Nov 19 11:49:02 2024

 
